Using pre-set license
Built from '2020.3/staging' branch; Version is '2020.3.10f1 (297d780c91bc) revision 2719096'; Using compiler version '192528614'; Build Type 'Release'
OS: 'Windows 10 Pro; OS build 19041.1110; Version 2004; 64bit' Language: 'pt' Physical Memory: 8150 MB
BatchMode: 1, IsHumanControllingUs: 0, StartBugReporterOnCrash: 0, Is64bit: 1, IsPro: 0

 COMMAND LINE ARGUMENTS:
C:\Program Files\Unity\Hub\Editor\2020.3.10f1\Editor\Unity.exe
-adb2
-batchMode
-noUpm
-name
AssetImportWorker0
-projectPath
C:/Unity Projects/UFABC/Memcards 9.0/MemcardsAtual1
-logFile
Logs/AssetImportWorker0.log
-srvPort
59531
Successfully changed project path to: C:/Unity Projects/UFABC/Memcards 9.0/MemcardsAtual1
C:/Unity Projects/UFABC/Memcards 9.0/MemcardsAtual1
Using Asset Import Pipeline V2.
Refreshing native plugins compatible for Editor in 61.51 ms, found 3 plugins.
Preloading 0 native plugins for Editor in 0.00 ms.
Initialize engine version: 2020.3.10f1 (297d780c91bc)
[Subsystems] Discovering subsystems at path C:/Program Files/Unity/Hub/Editor/2020.3.10f1/Editor/Data/Resources/UnitySubsystems
[Subsystems] Discovering subsystems at path C:/Unity Projects/UFABC/Memcards 9.0/MemcardsAtual1/Assets
GfxDevice: creating device client; threaded=0
Direct3D:
    Version:  Direct3D 11.0 [level 11.1]
    Renderer: NVIDIA GeForce GTX 970 (ID=0x13c2)
    Vendor:   
    VRAM:     4043 MB
    Driver:   27.21.14.5730
Initialize mono
Mono path[0] = 'C:/Program Files/Unity/Hub/Editor/2020.3.10f1/Editor/Data/Managed'
Mono path[1] = 'C:/Program Files/Unity/Hub/Editor/2020.3.10f1/Editor/Data/MonoBleedingEdge/lib/mono/unityjit'
Mono config path = 'C:/Program Files/Unity/Hub/Editor/2020.3.10f1/Editor/Data/MonoBleedingEdge/etc'
Using monoOptions --debugger-agent=transport=dt_socket,embedding=1,server=y,suspend=n,address=127.0.0.1:56344
Begin MonoManager ReloadAssembly
Registering precompiled unity dll's ...
Register platform support module: C:/Program Files/Unity/Hub/Editor/2020.3.10f1/Editor/Data/PlaybackEngines/WebGLSupport/UnityEditor.WebGL.Extensions.dll
Register platform support module: C:/Program Files/Unity/Hub/Editor/2020.3.10f1/Editor/Data/PlaybackEngines/WindowsStandaloneSupport/UnityEditor.WindowsStandalone.Extensions.dll
Registered in 0.004538 seconds.
Native extension for WindowsStandalone target not found
Native extension for WebGL target not found
Refreshing native plugins compatible for Editor in 53.49 ms, found 3 plugins.
Preloading 0 native plugins for Editor in 0.00 ms.
Mono: successfully reloaded assembly
- Completed reload, in  1.477 seconds
Platform modules already initialized, skipping
Registering precompiled user dll's ...
Registered in 0.068453 seconds.
Begin MonoManager ReloadAssembly
Native extension for WindowsStandalone target not found
Native extension for WebGL target not found
Refreshing native plugins compatible for Editor in 54.14 ms, found 3 plugins.
Preloading 0 native plugins for Editor in 0.00 ms.
Mono: successfully reloaded assembly
- Completed reload, in  1.614 seconds
Platform modules already initialized, skipping
========================================================================
Worker process is ready to serve import requests
Launched and connected shader compiler UnityShaderCompiler.exe after 0.20 seconds
Refreshing native plugins compatible for Editor in 0.58 ms, found 3 plugins.
Preloading 0 native plugins for Editor in 0.00 ms.
Unloading 2104 Unused Serialized files (Serialized files now loaded: 0)
System memory in use before: 95.3 MB.
System memory in use after: 95.2 MB.

Unloading 33 unused Assets to reduce memory usage. Loaded Objects now: 2538.
Total: 2.558300 ms (FindLiveObjects: 0.200700 ms CreateObjectMapping: 0.084000 ms MarkObjects: 2.099800 ms  DeleteObjects: 0.172500 ms)

========================================================================
Received Import Request.
  path: Assets/Scenes/Themes.unity
  artifactKey: Guid(bb0bd5a3e641bfa409ee77683ad5ea0c) Importer(815301076,1909f56bfc062723c751e8b465ee728b)
Start importing Assets/Scenes/Themes.unity using Guid(bb0bd5a3e641bfa409ee77683ad5ea0c) Importer(815301076,1909f56bfc062723c751e8b465ee728b)  -> (artifact id: '31d3cf9d922c60d78216077a35f914ac') in 0.155536 seconds
  Import took 0.179649 seconds .

========================================================================
Received Import Request.
  Time since last request: 49.106062 seconds.
  path: Assets/Scenes/Troféus.unity
  artifactKey: Guid(ebbd44ff77af3fd4a9cb76c0f8563781) Importer(815301076,1909f56bfc062723c751e8b465ee728b)
Start importing Assets/Scenes/Troféus.unity using Guid(ebbd44ff77af3fd4a9cb76c0f8563781) Importer(815301076,1909f56bfc062723c751e8b465ee728b)  -> (artifact id: 'a0a3392cf7efa68f56c947ca2ccf857f') in 0.011778 seconds
  Import took 0.036075 seconds .

========================================================================
Received Import Request.
  Time since last request: 1140.872098 seconds.
  path: Assets/Sprites/trofeu.png
  artifactKey: Guid(00dafe45f4f5df34e81919e86f2aaae0) Importer(815301076,1909f56bfc062723c751e8b465ee728b)
Start importing Assets/Sprites/trofeu.png using Guid(00dafe45f4f5df34e81919e86f2aaae0) Importer(815301076,1909f56bfc062723c751e8b465ee728b)  -> (artifact id: '56329bf2f19c7b4f90fd3125ab6cba3b') in 0.182924 seconds
  Import took 0.228661 seconds .

========================================================================
Received Import Request.
  Time since last request: 2.399222 seconds.
  path: Assets/Sprites/trofeu_transparente.png
  artifactKey: Guid(cddf66a5f4de8d64bbbda563c0e818a1) Importer(815301076,1909f56bfc062723c751e8b465ee728b)
Start importing Assets/Sprites/trofeu_transparente.png using Guid(cddf66a5f4de8d64bbbda563c0e818a1) Importer(815301076,1909f56bfc062723c751e8b465ee728b)  -> (artifact id: '9e52656ffb5ddb6363ad2924b17fba68') in 0.018138 seconds
  Import took 0.053292 seconds .

========================================================================
Received Import Request.
  Time since last request: 988.109592 seconds.
  path: Assets/Sprites/trofeu 2.png
  artifactKey: Guid(fded8eb13117dbd4fa5d82fe6ad39537) Importer(815301076,1909f56bfc062723c751e8b465ee728b)
Start importing Assets/Sprites/trofeu 2.png using Guid(fded8eb13117dbd4fa5d82fe6ad39537) Importer(815301076,1909f56bfc062723c751e8b465ee728b)  -> (artifact id: 'dcff35660f82f3bd6697b4b101af9184') in 0.023046 seconds
  Import took 0.047215 seconds .

========================================================================
Received Import Request.
  Time since last request: 0.003861 seconds.
  path: Assets/Sprites/trofeu 2.png
  artifactKey: Guid(fded8eb13117dbd4fa5d82fe6ad39537) Importer(815301076,1909f56bfc062723c751e8b465ee728b)
Start importing Assets/Sprites/trofeu 2.png using Guid(fded8eb13117dbd4fa5d82fe6ad39537) Importer(815301076,1909f56bfc062723c751e8b465ee728b)  -> (artifact id: 'dcff35660f82f3bd6697b4b101af9184') in 0.029673 seconds
  Import took 0.034069 seconds .

========================================================================
Received Import Request.
  Time since last request: 0.678237 seconds.
  path: Assets/Sprites/trofeu 4.png
  artifactKey: Guid(0a6cacb788dbb104789910a00f1282f0) Importer(815301076,1909f56bfc062723c751e8b465ee728b)
Start importing Assets/Sprites/trofeu 4.png using Guid(0a6cacb788dbb104789910a00f1282f0) Importer(815301076,1909f56bfc062723c751e8b465ee728b)  -> (artifact id: '2a3c906974f93ecc715c7145b7a07d8e') in 0.018405 seconds
  Import took 0.022665 seconds .

========================================================================
Received Import Request.
  Time since last request: 0.004801 seconds.
  path: Assets/Sprites/trofeu 4.png
  artifactKey: Guid(0a6cacb788dbb104789910a00f1282f0) Importer(815301076,1909f56bfc062723c751e8b465ee728b)
Start importing Assets/Sprites/trofeu 4.png using Guid(0a6cacb788dbb104789910a00f1282f0) Importer(815301076,1909f56bfc062723c751e8b465ee728b)  -> (artifact id: '2a3c906974f93ecc715c7145b7a07d8e') in 0.015093 seconds
  Import took 0.020510 seconds .

========================================================================
Received Import Request.
  Time since last request: 2.858729 seconds.
  path: Assets/Sprites/trofeu 1_transparente.png
  artifactKey: Guid(95dc800f78a5c4847bfedd7e06777f82) Importer(815301076,1909f56bfc062723c751e8b465ee728b)
Start importing Assets/Sprites/trofeu 1_transparente.png using Guid(95dc800f78a5c4847bfedd7e06777f82) Importer(815301076,1909f56bfc062723c751e8b465ee728b)  -> (artifact id: '3d8bb25ee53813a9d41753fb78891226') in 0.023901 seconds
  Import took 0.063362 seconds .

========================================================================
Received Import Request.
  Time since last request: 0.001306 seconds.
  path: Assets/Sprites/trofeu 1_transparente.png
  artifactKey: Guid(95dc800f78a5c4847bfedd7e06777f82) Importer(815301076,1909f56bfc062723c751e8b465ee728b)
Start importing Assets/Sprites/trofeu 1_transparente.png using Guid(95dc800f78a5c4847bfedd7e06777f82) Importer(815301076,1909f56bfc062723c751e8b465ee728b)  -> (artifact id: '3d8bb25ee53813a9d41753fb78891226') in 0.019166 seconds
  Import took 0.023023 seconds .

========================================================================
Received Import Request.
  Time since last request: 2.338688 seconds.
  path: Assets/Sprites/trofeu 4_transparente.png
  artifactKey: Guid(33fb9d03faefcf0429bcd3f72d504033) Importer(815301076,1909f56bfc062723c751e8b465ee728b)
Start importing Assets/Sprites/trofeu 4_transparente.png using Guid(33fb9d03faefcf0429bcd3f72d504033) Importer(815301076,1909f56bfc062723c751e8b465ee728b)  -> (artifact id: '27e95a27d81f4e6b073a931eab16b967') in 0.019351 seconds
  Import took 0.040682 seconds .

========================================================================
Received Import Request.
  Time since last request: 0.005375 seconds.
  path: Assets/Sprites/trofeu 4_transparente.png
  artifactKey: Guid(33fb9d03faefcf0429bcd3f72d504033) Importer(815301076,1909f56bfc062723c751e8b465ee728b)
Start importing Assets/Sprites/trofeu 4_transparente.png using Guid(33fb9d03faefcf0429bcd3f72d504033) Importer(815301076,1909f56bfc062723c751e8b465ee728b)  -> (artifact id: '27e95a27d81f4e6b073a931eab16b967') in 0.026986 seconds
  Import took 0.031165 seconds .

========================================================================
Received Import Request.
  Time since last request: 2.723834 seconds.
  path: Assets/Sprites/trofeu 1.png
  artifactKey: Guid(0a8ee3cff0e39974ca11c52a11acd4cc) Importer(815301076,1909f56bfc062723c751e8b465ee728b)
Start importing Assets/Sprites/trofeu 1.png using Guid(0a8ee3cff0e39974ca11c52a11acd4cc) Importer(815301076,1909f56bfc062723c751e8b465ee728b)  -> (artifact id: 'd73d294f9d157f4a97bacc19bcc2ee0b') in 0.020890 seconds
  Import took 0.025974 seconds .

========================================================================
Received Import Request.
  Time since last request: 0.004859 seconds.
  path: Assets/Sprites/trofeu 1.png
  artifactKey: Guid(0a8ee3cff0e39974ca11c52a11acd4cc) Importer(815301076,1909f56bfc062723c751e8b465ee728b)
Start importing Assets/Sprites/trofeu 1.png using Guid(0a8ee3cff0e39974ca11c52a11acd4cc) Importer(815301076,1909f56bfc062723c751e8b465ee728b)  -> (artifact id: 'd73d294f9d157f4a97bacc19bcc2ee0b') in 0.018295 seconds
  Import took 0.023795 seconds .

========================================================================
Received Import Request.
  Time since last request: 2.231908 seconds.
  path: Assets/Sprites/trofeu 3.png
  artifactKey: Guid(fe4b0dd3d51c1ec49ba42d6b77278ce8) Importer(815301076,1909f56bfc062723c751e8b465ee728b)
Start importing Assets/Sprites/trofeu 3.png using Guid(fe4b0dd3d51c1ec49ba42d6b77278ce8) Importer(815301076,1909f56bfc062723c751e8b465ee728b)  -> (artifact id: 'cda231a93fbfd421d76ef3d58f533ce1') in 0.017830 seconds
  Import took 0.039809 seconds .

========================================================================
Received Import Request.
  Time since last request: 0.008059 seconds.
  path: Assets/Sprites/trofeu 3.png
  artifactKey: Guid(fe4b0dd3d51c1ec49ba42d6b77278ce8) Importer(815301076,1909f56bfc062723c751e8b465ee728b)
Start importing Assets/Sprites/trofeu 3.png using Guid(fe4b0dd3d51c1ec49ba42d6b77278ce8) Importer(815301076,1909f56bfc062723c751e8b465ee728b)  -> (artifact id: 'cda231a93fbfd421d76ef3d58f533ce1') in 0.018506 seconds
  Import took 0.023400 seconds .

========================================================================
Received Import Request.
  Time since last request: 7.223670 seconds.
  path: Assets/Sprites/trofeu 3_transparente.png
  artifactKey: Guid(d7a31dddc8ed41d428e65d3d4c706a57) Importer(815301076,1909f56bfc062723c751e8b465ee728b)
Start importing Assets/Sprites/trofeu 3_transparente.png using Guid(d7a31dddc8ed41d428e65d3d4c706a57) Importer(815301076,1909f56bfc062723c751e8b465ee728b)  -> (artifact id: '3ffb45d66fa02224bf5f75a1ba358793') in 0.018390 seconds
  Import took 0.041720 seconds .

========================================================================
Received Import Request.
  Time since last request: 0.003867 seconds.
  path: Assets/Sprites/trofeu 3_transparente.png
  artifactKey: Guid(d7a31dddc8ed41d428e65d3d4c706a57) Importer(815301076,1909f56bfc062723c751e8b465ee728b)
Start importing Assets/Sprites/trofeu 3_transparente.png using Guid(d7a31dddc8ed41d428e65d3d4c706a57) Importer(815301076,1909f56bfc062723c751e8b465ee728b)  -> (artifact id: '3ffb45d66fa02224bf5f75a1ba358793') in 0.017952 seconds
  Import took 0.022374 seconds .

========================================================================
Received Import Request.
  Time since last request: 11.615957 seconds.
  path: Assets/Sprites/trofeu 2_transparente.png
  artifactKey: Guid(57e223d85cefaa845a8e5ce056ff42c5) Importer(815301076,1909f56bfc062723c751e8b465ee728b)
Start importing Assets/Sprites/trofeu 2_transparente.png using Guid(57e223d85cefaa845a8e5ce056ff42c5) Importer(815301076,1909f56bfc062723c751e8b465ee728b)  -> (artifact id: 'df1c753d2b0277cb894037416d37cca9') in 0.018560 seconds
  Import took 0.048262 seconds .

========================================================================
Received Import Request.
  Time since last request: 0.008284 seconds.
  path: Assets/Sprites/trofeu 2_transparente.png
  artifactKey: Guid(57e223d85cefaa845a8e5ce056ff42c5) Importer(815301076,1909f56bfc062723c751e8b465ee728b)
Start importing Assets/Sprites/trofeu 2_transparente.png using Guid(57e223d85cefaa845a8e5ce056ff42c5) Importer(815301076,1909f56bfc062723c751e8b465ee728b)  -> (artifact id: 'df1c753d2b0277cb894037416d37cca9') in 0.015979 seconds
  Import took 0.020231 seconds .

========================================================================
Received Import Request.
  Time since last request: 27.554625 seconds.
  path: Packages/com.unity.2d.sprite/Editor/ObjectMenuCreation/DefaultAssets/Textures/Square.png
  artifactKey: Guid(48e93eef0688c4a259cb0eddcd8661f7) Importer(815301076,1909f56bfc062723c751e8b465ee728b)
Start importing Packages/com.unity.2d.sprite/Editor/ObjectMenuCreation/DefaultAssets/Textures/Square.png using Guid(48e93eef0688c4a259cb0eddcd8661f7) Importer(815301076,1909f56bfc062723c751e8b465ee728b)  -> (artifact id: '67f9d2c87602c9de665cd5edc8b46197') in 0.034021 seconds
  Import took 0.062136 seconds .

========================================================================
Received Import Request.
  Time since last request: 0.011445 seconds.
  path: Packages/com.unity.2d.sprite/Editor/ObjectMenuCreation/DefaultAssets/Textures/Square.png
  artifactKey: Guid(48e93eef0688c4a259cb0eddcd8661f7) Importer(815301076,1909f56bfc062723c751e8b465ee728b)
Start importing Packages/com.unity.2d.sprite/Editor/ObjectMenuCreation/DefaultAssets/Textures/Square.png using Guid(48e93eef0688c4a259cb0eddcd8661f7) Importer(815301076,1909f56bfc062723c751e8b465ee728b)  -> (artifact id: '67f9d2c87602c9de665cd5edc8b46197') in 0.013926 seconds
  Import took 0.018452 seconds .

========================================================================
Received Import Request.
  Time since last request: 8.791442 seconds.
  path: Assets/Sprites/trofeu 5.png
  artifactKey: Guid(c0bfaa387f2562049bc2a5db14842fb6) Importer(815301076,1909f56bfc062723c751e8b465ee728b)
Start importing Assets/Sprites/trofeu 5.png using Guid(c0bfaa387f2562049bc2a5db14842fb6) Importer(815301076,1909f56bfc062723c751e8b465ee728b)  -> (artifact id: '3548e6ea4e44a395a303787d904548f0') in 0.019538 seconds
  Import took 0.032605 seconds .

========================================================================
Received Import Request.
  Time since last request: 0.000902 seconds.
  path: Assets/Sprites/trofeu 5.png
  artifactKey: Guid(c0bfaa387f2562049bc2a5db14842fb6) Importer(815301076,1909f56bfc062723c751e8b465ee728b)
Start importing Assets/Sprites/trofeu 5.png using Guid(c0bfaa387f2562049bc2a5db14842fb6) Importer(815301076,1909f56bfc062723c751e8b465ee728b)  -> (artifact id: '3548e6ea4e44a395a303787d904548f0') in 0.017470 seconds
  Import took 0.021816 seconds .

========================================================================
Received Import Request.
  Time since last request: 17.860497 seconds.
  path: Assets/Sprites/trofeu 5_transparente.png
  artifactKey: Guid(c61ed7dfb3743a94497c8423299a5b0c) Importer(815301076,1909f56bfc062723c751e8b465ee728b)
Start importing Assets/Sprites/trofeu 5_transparente.png using Guid(c61ed7dfb3743a94497c8423299a5b0c) Importer(815301076,1909f56bfc062723c751e8b465ee728b)  -> (artifact id: 'c455ccb434d94e4c86212c036cc69c24') in 0.020011 seconds
  Import took 0.025259 seconds .

========================================================================
Received Import Request.
  Time since last request: 0.010377 seconds.
  path: Assets/Sprites/trofeu 5_transparente.png
  artifactKey: Guid(c61ed7dfb3743a94497c8423299a5b0c) Importer(815301076,1909f56bfc062723c751e8b465ee728b)
Start importing Assets/Sprites/trofeu 5_transparente.png using Guid(c61ed7dfb3743a94497c8423299a5b0c) Importer(815301076,1909f56bfc062723c751e8b465ee728b)  -> (artifact id: 'c455ccb434d94e4c86212c036cc69c24') in 0.034512 seconds
  Import took 0.038847 seconds .

========================================================================
Received Prepare
Registering precompiled user dll's ...
Registered in 0.006378 seconds.
Begin MonoManager ReloadAssembly
Native extension for WindowsStandalone target not found
Native extension for WebGL target not found
Refreshing native plugins compatible for Editor in 0.58 ms, found 3 plugins.
Preloading 0 native plugins for Editor in 0.00 ms.
Mono: successfully reloaded assembly
- Completed reload, in  1.331 seconds
Platform modules already initialized, skipping
Refreshing native plugins compatible for Editor in 0.56 ms, found 3 plugins.
Preloading 0 native plugins for Editor in 0.00 ms.
Unloading 2086 Unused Serialized files (Serialized files now loaded: 0)
System memory in use before: 96.9 MB.
System memory in use after: 96.9 MB.

Unloading 21 unused Assets to reduce memory usage. Loaded Objects now: 2548.
Total: 2.651700 ms (FindLiveObjects: 0.246700 ms CreateObjectMapping: 0.105300 ms MarkObjects: 2.149200 ms  DeleteObjects: 0.149300 ms)

========================================================================
Received Import Request.
  Time since last request: 158.462888 seconds.
  path: Assets/Scenes/Troféus.unity
  artifactKey: Guid(ebbd44ff77af3fd4a9cb76c0f8563781) Importer(815301076,1909f56bfc062723c751e8b465ee728b)
Start importing Assets/Scenes/Troféus.unity using Guid(ebbd44ff77af3fd4a9cb76c0f8563781) Importer(815301076,1909f56bfc062723c751e8b465ee728b)  -> (artifact id: '6df58f007df2a3a59dde22af2476d46c') in 0.018733 seconds
  Import took 0.052823 seconds .

========================================================================
Received Import Request.
  Time since last request: 282.538708 seconds.
  path: Assets/Scripts/TrofeusController.cs
  artifactKey: Guid(38f9e560dbdb76947a992bcb1e256237) Importer(815301076,1909f56bfc062723c751e8b465ee728b)
Start importing Assets/Scripts/TrofeusController.cs using Guid(38f9e560dbdb76947a992bcb1e256237) Importer(815301076,1909f56bfc062723c751e8b465ee728b)  -> (artifact id: '063d14cde7b2ba822ad4b714519e5ea0') in 0.032029 seconds
  Import took 0.054034 seconds .

========================================================================
Received Prepare
Registering precompiled user dll's ...
Registered in 0.009116 seconds.
Begin MonoManager ReloadAssembly
Native extension for WindowsStandalone target not found
Native extension for WebGL target not found
Refreshing native plugins compatible for Editor in 0.76 ms, found 3 plugins.
Preloading 0 native plugins for Editor in 0.00 ms.
Mono: successfully reloaded assembly
- Completed reload, in  1.376 seconds
Platform modules already initialized, skipping
Refreshing native plugins compatible for Editor in 0.65 ms, found 3 plugins.
Preloading 0 native plugins for Editor in 0.00 ms.
Unloading 2087 Unused Serialized files (Serialized files now loaded: 0)
System memory in use before: 97.0 MB.
System memory in use after: 97.0 MB.

Unloading 21 unused Assets to reduce memory usage. Loaded Objects now: 2553.
Total: 2.586700 ms (FindLiveObjects: 0.297300 ms CreateObjectMapping: 0.088300 ms MarkObjects: 2.061600 ms  DeleteObjects: 0.138200 ms)

========================================================================
Received Import Request.
  Time since last request: 129.388152 seconds.
  path: Assets/Scripts/GameController.cs
  artifactKey: Guid(bebf6fe4b1653cb4ab003070ec0b4351) Importer(815301076,1909f56bfc062723c751e8b465ee728b)
Start importing Assets/Scripts/GameController.cs using Guid(bebf6fe4b1653cb4ab003070ec0b4351) Importer(815301076,1909f56bfc062723c751e8b465ee728b)  -> (artifact id: '0185983a45ed7daa6fd6637c9862fbf3') in 0.012707 seconds
  Import took 1.081348 seconds .

========================================================================
Received Import Request.
  Time since last request: 0.253556 seconds.
  path: Assets/Scripts/GameController.cs
  artifactKey: Guid(bebf6fe4b1653cb4ab003070ec0b4351) Importer(815301076,1909f56bfc062723c751e8b465ee728b)
Start importing Assets/Scripts/GameController.cs using Guid(bebf6fe4b1653cb4ab003070ec0b4351) Importer(815301076,1909f56bfc062723c751e8b465ee728b)  -> (artifact id: '0185983a45ed7daa6fd6637c9862fbf3') in 0.004816 seconds
  Import took 0.008921 seconds .

========================================================================
Received Import Request.
  Time since last request: 484.907330 seconds.
  path: Assets/Scripts/MainCard.cs
  artifactKey: Guid(1f9042540de48454b923d4f898b1fcd6) Importer(815301076,1909f56bfc062723c751e8b465ee728b)
Start importing Assets/Scripts/MainCard.cs using Guid(1f9042540de48454b923d4f898b1fcd6) Importer(815301076,1909f56bfc062723c751e8b465ee728b)  -> (artifact id: '0d7a7c635780be26ecab1a5d517e18e6') in 0.012032 seconds
  Import took 0.033778 seconds .

========================================================================
Received Import Request.
  Time since last request: 568.239867 seconds.
  path: Assets/Sprites/trofeu 5_transparente 1.png
  artifactKey: Guid(92f058fb8404a794bab16eee66aaba9f) Importer(815301076,1909f56bfc062723c751e8b465ee728b)
Start importing Assets/Sprites/trofeu 5_transparente 1.png using Guid(92f058fb8404a794bab16eee66aaba9f) Importer(815301076,1909f56bfc062723c751e8b465ee728b)  -> (artifact id: 'eb9bd9537a1e8304204437bcfbd3e137') in 0.068395 seconds
  Import took 0.094817 seconds .

========================================================================
Received Import Request.
  Time since last request: 0.918669 seconds.
  path: Assets/Sprites/trofeu 4_transparente 1.png
  artifactKey: Guid(e2f2346108d059e4c8db66aa236e1fac) Importer(815301076,1909f56bfc062723c751e8b465ee728b)
Start importing Assets/Sprites/trofeu 4_transparente 1.png using Guid(e2f2346108d059e4c8db66aa236e1fac) Importer(815301076,1909f56bfc062723c751e8b465ee728b)  -> (artifact id: '00c06088c7d912e00156a4e7b4bb602b') in 0.019616 seconds
  Import took 0.034882 seconds .

========================================================================
Received Import Request.
  Time since last request: 34.137318 seconds.
  path: Assets/Sprites/trofeu 1_transparente 1.png
  artifactKey: Guid(9874416a1e6f8f64f9dca0b04bcaf23d) Importer(815301076,1909f56bfc062723c751e8b465ee728b)
Start importing Assets/Sprites/trofeu 1_transparente 1.png using Guid(9874416a1e6f8f64f9dca0b04bcaf23d) Importer(815301076,1909f56bfc062723c751e8b465ee728b)  -> (artifact id: '31a01fb6e32255139dff4bb8ceda18ac') in 0.047128 seconds
  Import took 0.072122 seconds .

========================================================================
Received Import Request.
  Time since last request: 0.007644 seconds.
  path: Assets/Sprites/trofeu 1_transparente 1.png
  artifactKey: Guid(9874416a1e6f8f64f9dca0b04bcaf23d) Importer(815301076,1909f56bfc062723c751e8b465ee728b)
Start importing Assets/Sprites/trofeu 1_transparente 1.png using Guid(9874416a1e6f8f64f9dca0b04bcaf23d) Importer(815301076,1909f56bfc062723c751e8b465ee728b)  -> (artifact id: '31a01fb6e32255139dff4bb8ceda18ac') in 0.031072 seconds
  Import took 0.036217 seconds .

========================================================================
Received Import Request.
  Time since last request: 4.545125 seconds.
  path: Assets/Sprites/trofeu 2_transparente 1.png
  artifactKey: Guid(3161fe7de7b3f6f4c8ec327422f46713) Importer(815301076,1909f56bfc062723c751e8b465ee728b)
Start importing Assets/Sprites/trofeu 2_transparente 1.png using Guid(3161fe7de7b3f6f4c8ec327422f46713) Importer(815301076,1909f56bfc062723c751e8b465ee728b)  -> (artifact id: '673e98ef43758da15b220b22d72702fa') in 0.023552 seconds
  Import took 0.032898 seconds .

========================================================================
Received Import Request.
  Time since last request: 0.005780 seconds.
  path: Assets/Sprites/trofeu 2_transparente 1.png
  artifactKey: Guid(3161fe7de7b3f6f4c8ec327422f46713) Importer(815301076,1909f56bfc062723c751e8b465ee728b)
Start importing Assets/Sprites/trofeu 2_transparente 1.png using Guid(3161fe7de7b3f6f4c8ec327422f46713) Importer(815301076,1909f56bfc062723c751e8b465ee728b)  -> (artifact id: '673e98ef43758da15b220b22d72702fa') in 0.053927 seconds
  Import took 0.060330 seconds .

========================================================================
Received Import Request.
  Time since last request: 1.473350 seconds.
  path: Assets/Sprites/trofeu 3_transparente 1.png
  artifactKey: Guid(aa26542a5ea0e1c488ea289c1dbc7b69) Importer(815301076,1909f56bfc062723c751e8b465ee728b)
Start importing Assets/Sprites/trofeu 3_transparente 1.png using Guid(aa26542a5ea0e1c488ea289c1dbc7b69) Importer(815301076,1909f56bfc062723c751e8b465ee728b)  -> (artifact id: '22b749de52a20bd50b37829a29fa64bd') in 0.019634 seconds
  Import took 0.032419 seconds .

========================================================================
Received Prepare
Registering precompiled user dll's ...
Registered in 0.006525 seconds.
Begin MonoManager ReloadAssembly
Native extension for WindowsStandalone target not found
Native extension for WebGL target not found
Refreshing native plugins compatible for Editor in 0.57 ms, found 3 plugins.
Preloading 0 native plugins for Editor in 0.00 ms.
Mono: successfully reloaded assembly
- Completed reload, in  1.600 seconds
Platform modules already initialized, skipping
Refreshing native plugins compatible for Editor in 0.59 ms, found 3 plugins.
Preloading 0 native plugins for Editor in 0.00 ms.
Unloading 2087 Unused Serialized files (Serialized files now loaded: 0)
System memory in use before: 97.0 MB.
System memory in use after: 97.0 MB.

Unloading 21 unused Assets to reduce memory usage. Loaded Objects now: 2558.
Total: 4.451100 ms (FindLiveObjects: 0.429800 ms CreateObjectMapping: 0.194100 ms MarkObjects: 3.643700 ms  DeleteObjects: 0.180200 ms)

========================================================================
Received Import Request.
  Time since last request: 1010.194624 seconds.
  path: Assets/Scripts/SceneController.cs
  artifactKey: Guid(3c397816dc9bcc843921734c01019e63) Importer(815301076,1909f56bfc062723c751e8b465ee728b)
Start importing Assets/Scripts/SceneController.cs using Guid(3c397816dc9bcc843921734c01019e63) Importer(815301076,1909f56bfc062723c751e8b465ee728b)  -> (artifact id: '4c6bccb216c9a3dfaac5d94abb1c1244') in 0.016569 seconds
  Import took 0.031243 seconds .

========================================================================
Received Import Request.
  Time since last request: 0.020137 seconds.
  path: Assets/Scripts/SceneController.cs
  artifactKey: Guid(3c397816dc9bcc843921734c01019e63) Importer(815301076,1909f56bfc062723c751e8b465ee728b)
Start importing Assets/Scripts/SceneController.cs using Guid(3c397816dc9bcc843921734c01019e63) Importer(815301076,1909f56bfc062723c751e8b465ee728b)  -> (artifact id: '4c6bccb216c9a3dfaac5d94abb1c1244') in 0.004055 seconds
  Import took 0.009132 seconds .

========================================================================
Received Prepare
Registering precompiled user dll's ...
Registered in 0.006331 seconds.
Begin MonoManager ReloadAssembly
Native extension for WindowsStandalone target not found
Native extension for WebGL target not found
Refreshing native plugins compatible for Editor in 0.59 ms, found 3 plugins.
Preloading 0 native plugins for Editor in 0.00 ms.
Mono: successfully reloaded assembly
- Completed reload, in  1.344 seconds
Platform modules already initialized, skipping
Refreshing native plugins compatible for Editor in 0.57 ms, found 3 plugins.
Preloading 0 native plugins for Editor in 0.00 ms.
Unloading 2087 Unused Serialized files (Serialized files now loaded: 0)
System memory in use before: 97.0 MB.
System memory in use after: 97.0 MB.

Unloading 21 unused Assets to reduce memory usage. Loaded Objects now: 2562.
Total: 2.693100 ms (FindLiveObjects: 0.232000 ms CreateObjectMapping: 0.097800 ms MarkObjects: 2.195500 ms  DeleteObjects: 0.166300 ms)

========================================================================
Received Import Request.
  Time since last request: 193.526658 seconds.
  path: Assets/Scripts/TrofeusController.cs
  artifactKey: Guid(38f9e560dbdb76947a992bcb1e256237) Importer(815301076,1909f56bfc062723c751e8b465ee728b)
Start importing Assets/Scripts/TrofeusController.cs using Guid(38f9e560dbdb76947a992bcb1e256237) Importer(815301076,1909f56bfc062723c751e8b465ee728b)  -> (artifact id: '54a633bf2d527930889c3c82fb02e5ff') in 0.020500 seconds
  Import took 0.049535 seconds .

========================================================================
Received Prepare
Registering precompiled user dll's ...
Registered in 0.006874 seconds.
Begin MonoManager ReloadAssembly
Native extension for WindowsStandalone target not found
Native extension for WebGL target not found
Refreshing native plugins compatible for Editor in 0.62 ms, found 3 plugins.
Preloading 0 native plugins for Editor in 0.00 ms.
Mono: successfully reloaded assembly
- Completed reload, in  1.373 seconds
Platform modules already initialized, skipping
Refreshing native plugins compatible for Editor in 0.60 ms, found 3 plugins.
Preloading 0 native plugins for Editor in 0.00 ms.
Unloading 2087 Unused Serialized files (Serialized files now loaded: 0)
System memory in use before: 97.1 MB.
System memory in use after: 97.0 MB.

Unloading 21 unused Assets to reduce memory usage. Loaded Objects now: 2566.
Total: 3.776600 ms (FindLiveObjects: 0.403400 ms CreateObjectMapping: 0.271400 ms MarkObjects: 2.905200 ms  DeleteObjects: 0.194800 ms)

========================================================================
Received Import Request.
  Time since last request: 15.988005 seconds.
  path: Assets/Scripts/TrofeusController.cs
  artifactKey: Guid(38f9e560dbdb76947a992bcb1e256237) Importer(815301076,1909f56bfc062723c751e8b465ee728b)
Start importing Assets/Scripts/TrofeusController.cs using Guid(38f9e560dbdb76947a992bcb1e256237) Importer(815301076,1909f56bfc062723c751e8b465ee728b)  -> (artifact id: 'f2f60c47c75cbe2de0232f31af29cd4b') in 0.009690 seconds
  Import took 0.033016 seconds .

========================================================================
Received Import Request.
  Time since last request: 19.443570 seconds.
  path: Assets/Scripts/TrofeusController.cs
  artifactKey: Guid(38f9e560dbdb76947a992bcb1e256237) Importer(815301076,1909f56bfc062723c751e8b465ee728b)
Start importing Assets/Scripts/TrofeusController.cs using Guid(38f9e560dbdb76947a992bcb1e256237) Importer(815301076,1909f56bfc062723c751e8b465ee728b)  -> (artifact id: '14036ad244afbf6b4639bdadd79de41b') in 0.005203 seconds
  Import took 0.052141 seconds .

========================================================================
Received Prepare
Registering precompiled user dll's ...
Registered in 0.006215 seconds.
Begin MonoManager ReloadAssembly
Native extension for WindowsStandalone target not found
Native extension for WebGL target not found
Refreshing native plugins compatible for Editor in 0.58 ms, found 3 plugins.
Preloading 0 native plugins for Editor in 0.00 ms.
Mono: successfully reloaded assembly
- Completed reload, in  1.423 seconds
Platform modules already initialized, skipping
Refreshing native plugins compatible for Editor in 0.58 ms, found 3 plugins.
Preloading 0 native plugins for Editor in 0.00 ms.
Unloading 2087 Unused Serialized files (Serialized files now loaded: 0)
System memory in use before: 97.1 MB.
System memory in use after: 97.1 MB.

Unloading 21 unused Assets to reduce memory usage. Loaded Objects now: 2570.
Total: 3.324700 ms (FindLiveObjects: 0.204400 ms CreateObjectMapping: 0.101300 ms MarkObjects: 2.835100 ms  DeleteObjects: 0.182000 ms)

========================================================================
Received Import Request.
  Time since last request: 47.976580 seconds.
  path: Assets/Scripts/TrofeusController.cs
  artifactKey: Guid(38f9e560dbdb76947a992bcb1e256237) Importer(815301076,1909f56bfc062723c751e8b465ee728b)
Start importing Assets/Scripts/TrofeusController.cs using Guid(38f9e560dbdb76947a992bcb1e256237) Importer(815301076,1909f56bfc062723c751e8b465ee728b)  -> (artifact id: '69c6f30c61655f25272b1d9563af1ef6') in 0.007049 seconds
  Import took 0.010765 seconds .

========================================================================
Received Prepare
Registering precompiled user dll's ...
Registered in 0.007278 seconds.
Begin MonoManager ReloadAssembly
Native extension for WindowsStandalone target not found
Native extension for WebGL target not found
Refreshing native plugins compatible for Editor in 0.57 ms, found 3 plugins.
Preloading 0 native plugins for Editor in 0.00 ms.
Mono: successfully reloaded assembly
- Completed reload, in  1.308 seconds
Platform modules already initialized, skipping
Refreshing native plugins compatible for Editor in 0.62 ms, found 3 plugins.
Preloading 0 native plugins for Editor in 0.00 ms.
Unloading 2087 Unused Serialized files (Serialized files now loaded: 0)
System memory in use before: 97.1 MB.
System memory in use after: 97.1 MB.

Unloading 21 unused Assets to reduce memory usage. Loaded Objects now: 2574.
Total: 3.068300 ms (FindLiveObjects: 0.273000 ms CreateObjectMapping: 0.163200 ms MarkObjects: 2.407500 ms  DeleteObjects: 0.223300 ms)

========================================================================
Received Import Request.
  Time since last request: 27.854013 seconds.
  path: Assets/Scripts/TrofeusController.cs
  artifactKey: Guid(38f9e560dbdb76947a992bcb1e256237) Importer(815301076,1909f56bfc062723c751e8b465ee728b)
Start importing Assets/Scripts/TrofeusController.cs using Guid(38f9e560dbdb76947a992bcb1e256237) Importer(815301076,1909f56bfc062723c751e8b465ee728b)  -> (artifact id: '72c59d1e504974133cd38338df3f1422') in 0.007315 seconds
  Import took 0.041882 seconds .

========================================================================
Received Prepare
Registering precompiled user dll's ...
Registered in 0.006766 seconds.
Begin MonoManager ReloadAssembly
Native extension for WindowsStandalone target not found
Native extension for WebGL target not found
Refreshing native plugins compatible for Editor in 0.59 ms, found 3 plugins.
Preloading 0 native plugins for Editor in 0.00 ms.
Mono: successfully reloaded assembly
- Completed reload, in  1.304 seconds
Platform modules already initialized, skipping
Refreshing native plugins compatible for Editor in 0.63 ms, found 3 plugins.
Preloading 0 native plugins for Editor in 0.00 ms.
Unloading 2087 Unused Serialized files (Serialized files now loaded: 0)
System memory in use before: 97.1 MB.
System memory in use after: 97.1 MB.

Unloading 21 unused Assets to reduce memory usage. Loaded Objects now: 2578.
Total: 2.697100 ms (FindLiveObjects: 0.230800 ms CreateObjectMapping: 0.111800 ms MarkObjects: 2.199500 ms  DeleteObjects: 0.153100 ms)

========================================================================
Received Import Request.
  Time since last request: 37.454855 seconds.
  path: Assets/Scripts/TrofeusController.cs
  artifactKey: Guid(38f9e560dbdb76947a992bcb1e256237) Importer(815301076,1909f56bfc062723c751e8b465ee728b)
Start importing Assets/Scripts/TrofeusController.cs using Guid(38f9e560dbdb76947a992bcb1e256237) Importer(815301076,1909f56bfc062723c751e8b465ee728b)  -> (artifact id: '2823288543311a3e8a00d839fe62209e') in 0.007725 seconds
  Import took 0.011694 seconds .

========================================================================
Received Prepare
Registering precompiled user dll's ...
Registered in 0.006175 seconds.
Begin MonoManager ReloadAssembly
Native extension for WindowsStandalone target not found
Native extension for WebGL target not found
Refreshing native plugins compatible for Editor in 0.59 ms, found 3 plugins.
Preloading 0 native plugins for Editor in 0.00 ms.
Mono: successfully reloaded assembly
- Completed reload, in  1.338 seconds
Platform modules already initialized, skipping
Refreshing native plugins compatible for Editor in 0.62 ms, found 3 plugins.
Preloading 0 native plugins for Editor in 0.00 ms.
Unloading 2087 Unused Serialized files (Serialized files now loaded: 0)
System memory in use before: 97.1 MB.
System memory in use after: 97.1 MB.

Unloading 21 unused Assets to reduce memory usage. Loaded Objects now: 2582.
Total: 3.274200 ms (FindLiveObjects: 0.245300 ms CreateObjectMapping: 0.100300 ms MarkObjects: 2.731200 ms  DeleteObjects: 0.195500 ms)

========================================================================
Received Import Request.
  Time since last request: 28.280835 seconds.
  path: Assets/Scripts/TrofeusController.cs
  artifactKey: Guid(38f9e560dbdb76947a992bcb1e256237) Importer(815301076,1909f56bfc062723c751e8b465ee728b)
Start importing Assets/Scripts/TrofeusController.cs using Guid(38f9e560dbdb76947a992bcb1e256237) Importer(815301076,1909f56bfc062723c751e8b465ee728b)  -> (artifact id: 'dba05c6cc93d51ce90a9f8b673b6b3b9') in 0.008186 seconds
  Import took 0.034295 seconds .

========================================================================
Received Import Request.
  Time since last request: 10.449698 seconds.
  path: Assets/Scenes/Troféus.unity
  artifactKey: Guid(ebbd44ff77af3fd4a9cb76c0f8563781) Importer(815301076,1909f56bfc062723c751e8b465ee728b)
Start importing Assets/Scenes/Troféus.unity using Guid(ebbd44ff77af3fd4a9cb76c0f8563781) Importer(815301076,1909f56bfc062723c751e8b465ee728b)  -> (artifact id: '0a41e585b95bdd4b1b994f1df1549334') in 0.030959 seconds
  Import took 0.048630 seconds .

========================================================================
Received Prepare
Registering precompiled user dll's ...
Registered in 0.006379 seconds.
Begin MonoManager ReloadAssembly
Native extension for WindowsStandalone target not found
Native extension for WebGL target not found
Refreshing native plugins compatible for Editor in 0.64 ms, found 3 plugins.
Preloading 0 native plugins for Editor in 0.00 ms.
Mono: successfully reloaded assembly
- Completed reload, in  1.321 seconds
Platform modules already initialized, skipping
Refreshing native plugins compatible for Editor in 0.60 ms, found 3 plugins.
Preloading 0 native plugins for Editor in 0.00 ms.
Unloading 2087 Unused Serialized files (Serialized files now loaded: 0)
System memory in use before: 97.1 MB.
System memory in use after: 97.1 MB.

Unloading 21 unused Assets to reduce memory usage. Loaded Objects now: 2586.
Total: 2.551300 ms (FindLiveObjects: 0.206000 ms CreateObjectMapping: 0.085500 ms MarkObjects: 2.110900 ms  DeleteObjects: 0.147700 ms)

========================================================================
Received Import Request.
  Time since last request: 96.824003 seconds.
  path: Assets/Scenes/Troféus.unity
  artifactKey: Guid(ebbd44ff77af3fd4a9cb76c0f8563781) Importer(815301076,1909f56bfc062723c751e8b465ee728b)
Start importing Assets/Scenes/Troféus.unity using Guid(ebbd44ff77af3fd4a9cb76c0f8563781) Importer(815301076,1909f56bfc062723c751e8b465ee728b)  -> (artifact id: 'e2bbabc43b6cd1d24383152007948748') in 0.018949 seconds
  Import took 0.032854 seconds .

========================================================================
Received Prepare
Registering precompiled user dll's ...
Registered in 0.007502 seconds.
Begin MonoManager ReloadAssembly
Native extension for WindowsStandalone target not found
Native extension for WebGL target not found
Refreshing native plugins compatible for Editor in 0.69 ms, found 3 plugins.
Preloading 0 native plugins for Editor in 0.00 ms.
Mono: successfully reloaded assembly
- Completed reload, in  1.373 seconds
Platform modules already initialized, skipping
Refreshing native plugins compatible for Editor in 0.83 ms, found 3 plugins.
Preloading 0 native plugins for Editor in 0.00 ms.
Unloading 2087 Unused Serialized files (Serialized files now loaded: 0)
System memory in use before: 97.1 MB.
System memory in use after: 97.1 MB.

Unloading 21 unused Assets to reduce memory usage. Loaded Objects now: 2590.
Total: 2.897100 ms (FindLiveObjects: 0.221100 ms CreateObjectMapping: 0.106000 ms MarkObjects: 2.375400 ms  DeleteObjects: 0.192700 ms)

========================================================================
Received Prepare
Registering precompiled user dll's ...
Registered in 0.006633 seconds.
Begin MonoManager ReloadAssembly
Native extension for WindowsStandalone target not found
Native extension for WebGL target not found
Refreshing native plugins compatible for Editor in 0.50 ms, found 3 plugins.
Preloading 0 native plugins for Editor in 0.00 ms.
Mono: successfully reloaded assembly
- Completed reload, in  1.358 seconds
Platform modules already initialized, skipping
Refreshing native plugins compatible for Editor in 1.17 ms, found 3 plugins.
Preloading 0 native plugins for Editor in 0.00 ms.
Unloading 2087 Unused Serialized files (Serialized files now loaded: 0)
System memory in use before: 97.1 MB.
System memory in use after: 97.1 MB.

Unloading 21 unused Assets to reduce memory usage. Loaded Objects now: 2594.
Total: 4.755100 ms (FindLiveObjects: 0.419100 ms CreateObjectMapping: 0.131100 ms MarkObjects: 3.967400 ms  DeleteObjects: 0.234800 ms)

========================================================================
Received Import Request.
  Time since last request: 261.675955 seconds.
  path: Assets/Scripts/Rankings.cs
  artifactKey: Guid(7f6a362978204b242b2bc142c59f2a26) Importer(815301076,1909f56bfc062723c751e8b465ee728b)
Start importing Assets/Scripts/Rankings.cs using Guid(7f6a362978204b242b2bc142c59f2a26) Importer(815301076,1909f56bfc062723c751e8b465ee728b)  -> (artifact id: '733f083e2056f95cd84494999fc8f7be') in 0.015442 seconds
  Import took 0.032270 seconds .

========================================================================
Received Import Request.
  Time since last request: 0.002178 seconds.
  path: Assets/Scripts/Rankings.cs
  artifactKey: Guid(7f6a362978204b242b2bc142c59f2a26) Importer(815301076,1909f56bfc062723c751e8b465ee728b)
Start importing Assets/Scripts/Rankings.cs using Guid(7f6a362978204b242b2bc142c59f2a26) Importer(815301076,1909f56bfc062723c751e8b465ee728b)  -> (artifact id: '733f083e2056f95cd84494999fc8f7be') in 0.015029 seconds
  Import took 0.019360 seconds .

========================================================================
Received Prepare
Registering precompiled user dll's ...
Registered in 0.006616 seconds.
Begin MonoManager ReloadAssembly
Native extension for WindowsStandalone target not found
Native extension for WebGL target not found
Refreshing native plugins compatible for Editor in 0.70 ms, found 3 plugins.
Preloading 0 native plugins for Editor in 0.00 ms.
Mono: successfully reloaded assembly
- Completed reload, in  1.340 seconds
Platform modules already initialized, skipping
Refreshing native plugins compatible for Editor in 0.65 ms, found 3 plugins.
Preloading 0 native plugins for Editor in 0.00 ms.
Unloading 2087 Unused Serialized files (Serialized files now loaded: 0)
System memory in use before: 97.1 MB.
System memory in use after: 97.1 MB.

Unloading 21 unused Assets to reduce memory usage. Loaded Objects now: 2598.
Total: 2.800900 ms (FindLiveObjects: 0.256400 ms CreateObjectMapping: 0.085800 ms MarkObjects: 2.310300 ms  DeleteObjects: 0.147200 ms)

========================================================================
Received Prepare
Registering precompiled user dll's ...
Registered in 0.006326 seconds.
Begin MonoManager ReloadAssembly
Native extension for WindowsStandalone target not found
Native extension for WebGL target not found
Refreshing native plugins compatible for Editor in 0.64 ms, found 3 plugins.
Preloading 0 native plugins for Editor in 0.00 ms.
Mono: successfully reloaded assembly
- Completed reload, in  1.369 seconds
Platform modules already initialized, skipping
Refreshing native plugins compatible for Editor in 0.60 ms, found 3 plugins.
Preloading 0 native plugins for Editor in 0.00 ms.
Unloading 2087 Unused Serialized files (Serialized files now loaded: 0)
System memory in use before: 97.2 MB.
System memory in use after: 97.1 MB.

Unloading 21 unused Assets to reduce memory usage. Loaded Objects now: 2602.
Total: 2.986100 ms (FindLiveObjects: 0.487900 ms CreateObjectMapping: 0.113100 ms MarkObjects: 2.226600 ms  DeleteObjects: 0.156900 ms)

========================================================================
Received Prepare
Registering precompiled user dll's ...
Registered in 0.007580 seconds.
Begin MonoManager ReloadAssembly
Native extension for WindowsStandalone target not found
Native extension for WebGL target not found
Refreshing native plugins compatible for Editor in 0.62 ms, found 3 plugins.
Preloading 0 native plugins for Editor in 0.00 ms.
Mono: successfully reloaded assembly
- Completed reload, in  1.341 seconds
Platform modules already initialized, skipping
Refreshing native plugins compatible for Editor in 0.61 ms, found 3 plugins.
Preloading 0 native plugins for Editor in 0.00 ms.
Unloading 2087 Unused Serialized files (Serialized files now loaded: 0)
System memory in use before: 97.2 MB.
System memory in use after: 97.1 MB.

Unloading 21 unused Assets to reduce memory usage. Loaded Objects now: 2606.
Total: 2.549600 ms (FindLiveObjects: 0.254800 ms CreateObjectMapping: 0.084900 ms MarkObjects: 2.055600 ms  DeleteObjects: 0.152200 ms)

========================================================================
Received Prepare
Registering precompiled user dll's ...
Registered in 0.007284 seconds.
Begin MonoManager ReloadAssembly
Native extension for WindowsStandalone target not found
Native extension for WebGL target not found
Refreshing native plugins compatible for Editor in 0.64 ms, found 3 plugins.
Preloading 0 native plugins for Editor in 0.00 ms.
Mono: successfully reloaded assembly
- Completed reload, in  1.309 seconds
Platform modules already initialized, skipping
Refreshing native plugins compatible for Editor in 0.60 ms, found 3 plugins.
Preloading 0 native plugins for Editor in 0.00 ms.
Unloading 2087 Unused Serialized files (Serialized files now loaded: 0)
System memory in use before: 97.2 MB.
System memory in use after: 97.2 MB.

Unloading 21 unused Assets to reduce memory usage. Loaded Objects now: 2610.
Total: 2.983100 ms (FindLiveObjects: 0.263400 ms CreateObjectMapping: 0.162400 ms MarkObjects: 2.366200 ms  DeleteObjects: 0.190000 ms)

========================================================================
Received Import Request.
  Time since last request: 311.991447 seconds.
  path: Assets/Scenes/Troféus.unity
  artifactKey: Guid(ebbd44ff77af3fd4a9cb76c0f8563781) Importer(815301076,1909f56bfc062723c751e8b465ee728b)
Start importing Assets/Scenes/Troféus.unity using Guid(ebbd44ff77af3fd4a9cb76c0f8563781) Importer(815301076,1909f56bfc062723c751e8b465ee728b)  -> (artifact id: 'edc3955d26d6233525cb297814b03765') in 0.022187 seconds
  Import took 0.040682 seconds .

========================================================================
Received Prepare
Registering precompiled user dll's ...
Registered in 0.006262 seconds.
Begin MonoManager ReloadAssembly
Native extension for WindowsStandalone target not found
Native extension for WebGL target not found
Refreshing native plugins compatible for Editor in 0.56 ms, found 3 plugins.
Preloading 0 native plugins for Editor in 0.00 ms.
Mono: successfully reloaded assembly
- Completed reload, in  1.302 seconds
Platform modules already initialized, skipping
Refreshing native plugins compatible for Editor in 0.56 ms, found 3 plugins.
Preloading 0 native plugins for Editor in 0.00 ms.
Unloading 2087 Unused Serialized files (Serialized files now loaded: 0)
System memory in use before: 97.2 MB.
System memory in use after: 97.2 MB.

Unloading 21 unused Assets to reduce memory usage. Loaded Objects now: 2614.
Total: 3.093500 ms (FindLiveObjects: 0.251800 ms CreateObjectMapping: 0.127200 ms MarkObjects: 2.554400 ms  DeleteObjects: 0.158400 ms)

========================================================================
Received Prepare
Registering precompiled user dll's ...
Registered in 0.008104 seconds.
Begin MonoManager ReloadAssembly
Native extension for WindowsStandalone target not found
Native extension for WebGL target not found
Refreshing native plugins compatible for Editor in 0.59 ms, found 3 plugins.
Preloading 0 native plugins for Editor in 0.00 ms.
Mono: successfully reloaded assembly
- Completed reload, in  1.347 seconds
Platform modules already initialized, skipping
Refreshing native plugins compatible for Editor in 0.61 ms, found 3 plugins.
Preloading 0 native plugins for Editor in 0.00 ms.
Unloading 2087 Unused Serialized files (Serialized files now loaded: 0)
System memory in use before: 97.2 MB.
System memory in use after: 97.2 MB.

Unloading 21 unused Assets to reduce memory usage. Loaded Objects now: 2618.
Total: 2.665400 ms (FindLiveObjects: 0.232100 ms CreateObjectMapping: 0.088100 ms MarkObjects: 2.201600 ms  DeleteObjects: 0.142300 ms)

========================================================================
Received Prepare
Registering precompiled user dll's ...
Registered in 0.006284 seconds.
Begin MonoManager ReloadAssembly
Native extension for WindowsStandalone target not found
Native extension for WebGL target not found
Refreshing native plugins compatible for Editor in 1.09 ms, found 3 plugins.
Preloading 0 native plugins for Editor in 0.00 ms.
Mono: successfully reloaded assembly
- Completed reload, in  1.813 seconds
Platform modules already initialized, skipping
Refreshing native plugins compatible for Editor in 0.58 ms, found 3 plugins.
Preloading 0 native plugins for Editor in 0.00 ms.
Unloading 2087 Unused Serialized files (Serialized files now loaded: 0)
System memory in use before: 97.2 MB.
System memory in use after: 97.2 MB.

Unloading 21 unused Assets to reduce memory usage. Loaded Objects now: 2622.
Total: 2.543100 ms (FindLiveObjects: 0.216800 ms CreateObjectMapping: 0.087300 ms MarkObjects: 2.099400 ms  DeleteObjects: 0.138000 ms)

========================================================================
Received Prepare
Registering precompiled user dll's ...
Registered in 0.006476 seconds.
Begin MonoManager ReloadAssembly
Native extension for WindowsStandalone target not found
Native extension for WebGL target not found
Refreshing native plugins compatible for Editor in 0.60 ms, found 3 plugins.
Preloading 0 native plugins for Editor in 0.00 ms.
Mono: successfully reloaded assembly
- Completed reload, in  1.522 seconds
Platform modules already initialized, skipping
Refreshing native plugins compatible for Editor in 0.59 ms, found 3 plugins.
Preloading 0 native plugins for Editor in 0.00 ms.
Unloading 2087 Unused Serialized files (Serialized files now loaded: 0)
System memory in use before: 97.2 MB.
System memory in use after: 97.2 MB.

Unloading 21 unused Assets to reduce memory usage. Loaded Objects now: 2626.
Total: 2.549800 ms (FindLiveObjects: 0.232600 ms CreateObjectMapping: 0.083300 ms MarkObjects: 2.078600 ms  DeleteObjects: 0.154200 ms)

========================================================================
Received Prepare
Registering precompiled user dll's ...
Registered in 0.006378 seconds.
Begin MonoManager ReloadAssembly
Native extension for WindowsStandalone target not found
Native extension for WebGL target not found
Refreshing native plugins compatible for Editor in 0.60 ms, found 3 plugins.
Preloading 0 native plugins for Editor in 0.00 ms.
Mono: successfully reloaded assembly
- Completed reload, in  1.304 seconds
Platform modules already initialized, skipping
Refreshing native plugins compatible for Editor in 0.57 ms, found 3 plugins.
Preloading 0 native plugins for Editor in 0.00 ms.
Unloading 2087 Unused Serialized files (Serialized files now loaded: 0)
System memory in use before: 97.2 MB.
System memory in use after: 97.2 MB.

Unloading 21 unused Assets to reduce memory usage. Loaded Objects now: 2630.
Total: 3.169400 ms (FindLiveObjects: 0.336600 ms CreateObjectMapping: 0.208500 ms MarkObjects: 2.477300 ms  DeleteObjects: 0.145000 ms)

========================================================================
Received Import Request.
  Time since last request: 780.431744 seconds.
  path: Assets/Scenes/Level 2.unity
  artifactKey: Guid(52de81d1aed6e8543981dbde446383b5) Importer(815301076,1909f56bfc062723c751e8b465ee728b)
Start importing Assets/Scenes/Level 2.unity using Guid(52de81d1aed6e8543981dbde446383b5) Importer(815301076,1909f56bfc062723c751e8b465ee728b)  -> (artifact id: 'd1f9c049fe07fd52cbffe9f721705eca') in 0.029240 seconds
  Import took 0.034876 seconds .

========================================================================
Received Prepare
Registering precompiled user dll's ...
Registered in 0.007425 seconds.
Begin MonoManager ReloadAssembly
Native extension for WindowsStandalone target not found
Native extension for WebGL target not found
Refreshing native plugins compatible for Editor in 0.89 ms, found 3 plugins.
Preloading 0 native plugins for Editor in 0.00 ms.
Mono: successfully reloaded assembly
- Completed reload, in  1.319 seconds
Platform modules already initialized, skipping
Refreshing native plugins compatible for Editor in 1.07 ms, found 3 plugins.
Preloading 0 native plugins for Editor in 0.00 ms.
Unloading 2087 Unused Serialized files (Serialized files now loaded: 0)
System memory in use before: 97.2 MB.
System memory in use after: 97.2 MB.

Unloading 21 unused Assets to reduce memory usage. Loaded Objects now: 2634.
Total: 2.798800 ms (FindLiveObjects: 0.220500 ms CreateObjectMapping: 0.086700 ms MarkObjects: 2.340200 ms  DeleteObjects: 0.149700 ms)

========================================================================
Received Import Request.
  Time since last request: 43.734636 seconds.
  path: Assets/Scenes/Level 3.unity
  artifactKey: Guid(52ce5fa7de34f3a4195d9ff33a82c414) Importer(815301076,1909f56bfc062723c751e8b465ee728b)
Start importing Assets/Scenes/Level 3.unity using Guid(52ce5fa7de34f3a4195d9ff33a82c414) Importer(815301076,1909f56bfc062723c751e8b465ee728b)  -> (artifact id: '23b43e8e53beac04d0aecf6aa9249810') in 0.023274 seconds
  Import took 0.048323 seconds .

========================================================================
Received Import Request.
  Time since last request: 31.710485 seconds.
  path: Assets/Scenes/Level 4.unity
  artifactKey: Guid(e316731c8679dee478869f757a4ddf46) Importer(815301076,1909f56bfc062723c751e8b465ee728b)
Start importing Assets/Scenes/Level 4.unity using Guid(e316731c8679dee478869f757a4ddf46) Importer(815301076,1909f56bfc062723c751e8b465ee728b)  -> (artifact id: 'ace9dd9d49c8d332d6b656bd66206e68') in 0.011877 seconds
  Import took 0.028429 seconds .

========================================================================
Received Import Request.
  Time since last request: 25.591154 seconds.
  path: Assets/Scenes/Level 5.unity
  artifactKey: Guid(391078bbdb4f1254e8c51ef50be6132e) Importer(815301076,1909f56bfc062723c751e8b465ee728b)
Start importing Assets/Scenes/Level 5.unity using Guid(391078bbdb4f1254e8c51ef50be6132e) Importer(815301076,1909f56bfc062723c751e8b465ee728b)  -> (artifact id: '9dc555ba0c44d01791bf701bf2d19ea2') in 0.010021 seconds
  Import took 0.024570 seconds .

========================================================================
Received Import Request.
  Time since last request: 52.166664 seconds.
  path: Assets/Scenes/Menu.unity
  artifactKey: Guid(911acfb72d6230a47893c955ad7c0273) Importer(815301076,1909f56bfc062723c751e8b465ee728b)
Start importing Assets/Scenes/Menu.unity using Guid(911acfb72d6230a47893c955ad7c0273) Importer(815301076,1909f56bfc062723c751e8b465ee728b)  -> (artifact id: '6dbbf62f2ea8ae0de67a885552d3bcc0') in 0.009295 seconds
  Import took 0.014365 seconds .

========================================================================
Received Prepare
Registering precompiled user dll's ...
Registered in 0.006435 seconds.
Begin MonoManager ReloadAssembly
Native extension for WindowsStandalone target not found
Native extension for WebGL target not found
Refreshing native plugins compatible for Editor in 0.58 ms, found 3 plugins.
Preloading 0 native plugins for Editor in 0.00 ms.
Mono: successfully reloaded assembly
- Completed reload, in  1.347 seconds
Platform modules already initialized, skipping
Refreshing native plugins compatible for Editor in 0.67 ms, found 3 plugins.
Preloading 0 native plugins for Editor in 0.00 ms.
Unloading 2087 Unused Serialized files (Serialized files now loaded: 0)
System memory in use before: 97.3 MB.
System memory in use after: 97.2 MB.

Unloading 21 unused Assets to reduce memory usage. Loaded Objects now: 2638.
Total: 2.623700 ms (FindLiveObjects: 0.230700 ms CreateObjectMapping: 0.090800 ms MarkObjects: 2.146400 ms  DeleteObjects: 0.154300 ms)

========================================================================
Received Prepare
Registering precompiled user dll's ...
Registered in 0.009077 seconds.
Begin MonoManager ReloadAssembly
Native extension for WindowsStandalone target not found
Native extension for WebGL target not found
Refreshing native plugins compatible for Editor in 1.00 ms, found 3 plugins.
Preloading 0 native plugins for Editor in 0.00 ms.
Mono: successfully reloaded assembly
- Completed reload, in  1.890 seconds
Platform modules already initialized, skipping
Refreshing native plugins compatible for Editor in 0.59 ms, found 3 plugins.
Preloading 0 native plugins for Editor in 0.00 ms.
Unloading 2087 Unused Serialized files (Serialized files now loaded: 0)
System memory in use before: 97.3 MB.
System memory in use after: 97.3 MB.

Unloading 21 unused Assets to reduce memory usage. Loaded Objects now: 2642.
Total: 6.699300 ms (FindLiveObjects: 0.224900 ms CreateObjectMapping: 0.086800 ms MarkObjects: 5.875200 ms  DeleteObjects: 0.508100 ms)

========================================================================
Received Prepare
Registering precompiled user dll's ...
Registered in 0.006651 seconds.
Begin MonoManager ReloadAssembly
Native extension for WindowsStandalone target not found
Native extension for WebGL target not found
Refreshing native plugins compatible for Editor in 0.80 ms, found 3 plugins.
Preloading 0 native plugins for Editor in 0.00 ms.
Mono: successfully reloaded assembly
- Completed reload, in  1.367 seconds
Platform modules already initialized, skipping
Refreshing native plugins compatible for Editor in 0.57 ms, found 3 plugins.
Preloading 0 native plugins for Editor in 0.00 ms.
Unloading 2087 Unused Serialized files (Serialized files now loaded: 0)
System memory in use before: 97.3 MB.
System memory in use after: 97.3 MB.

Unloading 21 unused Assets to reduce memory usage. Loaded Objects now: 2646.
Total: 3.065100 ms (FindLiveObjects: 0.270000 ms CreateObjectMapping: 0.158900 ms MarkObjects: 2.410900 ms  DeleteObjects: 0.223900 ms)

========================================================================
Received Import Request.
  Time since last request: 491.221274 seconds.
  path: Assets/Scenes/Level 1.unity
  artifactKey: Guid(2cda990e2423bbf4892e6590ba056729) Importer(815301076,1909f56bfc062723c751e8b465ee728b)
Start importing Assets/Scenes/Level 1.unity using Guid(2cda990e2423bbf4892e6590ba056729) Importer(815301076,1909f56bfc062723c751e8b465ee728b)  -> (artifact id: '7280e56370dfed76a45071ac43f31004') in 0.021237 seconds
  Import took 0.034306 seconds .

========================================================================
Received Import Request.
  Time since last request: 169.653033 seconds.
  path: Assets/Scenes/Multiplayer 1.unity
  artifactKey: Guid(20d7e42004a632944925c21fdc045c93) Importer(815301076,1909f56bfc062723c751e8b465ee728b)
Start importing Assets/Scenes/Multiplayer 1.unity using Guid(20d7e42004a632944925c21fdc045c93) Importer(815301076,1909f56bfc062723c751e8b465ee728b)  -> (artifact id: '2ca99b8672cddf41be4b8885e4e86ae6') in 0.028484 seconds
  Import took 0.033644 seconds .

========================================================================
Received Prepare
Registering precompiled user dll's ...
Registered in 0.006148 seconds.
Begin MonoManager ReloadAssembly
Native extension for WindowsStandalone target not found
Native extension for WebGL target not found
Refreshing native plugins compatible for Editor in 0.59 ms, found 3 plugins.
Preloading 0 native plugins for Editor in 0.00 ms.
Mono: successfully reloaded assembly
- Completed reload, in  1.309 seconds
Platform modules already initialized, skipping
Refreshing native plugins compatible for Editor in 0.65 ms, found 3 plugins.
Preloading 0 native plugins for Editor in 0.00 ms.
Unloading 2087 Unused Serialized files (Serialized files now loaded: 0)
System memory in use before: 97.3 MB.
System memory in use after: 97.3 MB.

Unloading 21 unused Assets to reduce memory usage. Loaded Objects now: 2650.
Total: 2.759900 ms (FindLiveObjects: 0.228500 ms CreateObjectMapping: 0.088100 ms MarkObjects: 2.293000 ms  DeleteObjects: 0.148600 ms)

========================================================================
Received Import Request.
  Time since last request: 187.963427 seconds.
  path: Assets/Scenes/Multiplayer 1.unity
  artifactKey: Guid(20d7e42004a632944925c21fdc045c93) Importer(815301076,1909f56bfc062723c751e8b465ee728b)
Start importing Assets/Scenes/Multiplayer 1.unity using Guid(20d7e42004a632944925c21fdc045c93) Importer(815301076,1909f56bfc062723c751e8b465ee728b)  -> (artifact id: 'c28476bb186c2375a4c114036a934471') in 0.017396 seconds
  Import took 0.022850 seconds .

========================================================================
Received Import Request.
  Time since last request: 0.000245 seconds.
  path: Assets/Scenes/Multiplayer 2.unity
  artifactKey: Guid(33051b0417d905344ac4912effeec260) Importer(815301076,1909f56bfc062723c751e8b465ee728b)
Start importing Assets/Scenes/Multiplayer 2.unity using Guid(33051b0417d905344ac4912effeec260) Importer(815301076,1909f56bfc062723c751e8b465ee728b)  -> (artifact id: '9a0961eca874d8a888d807ebed640e29') in 0.022616 seconds
  Import took 0.045094 seconds .

========================================================================
Received Import Request.
  Time since last request: 9.864076 seconds.
  path: Assets/Scenes/Multiplayer 3.unity
  artifactKey: Guid(332fc4c3f59c9cc4b9ba2f01320f7f89) Importer(815301076,1909f56bfc062723c751e8b465ee728b)
Start importing Assets/Scenes/Multiplayer 3.unity using Guid(332fc4c3f59c9cc4b9ba2f01320f7f89) Importer(815301076,1909f56bfc062723c751e8b465ee728b)  -> (artifact id: '0ad7530954c84e0189f89200b2ad4f60') in 0.009323 seconds
  Import took 0.014447 seconds .

========================================================================
Received Import Request.
  Time since last request: 17.297567 seconds.
  path: Assets/Scenes/Multiplayer 4.unity
  artifactKey: Guid(8698a139a8bd5a94c85fc75516881e47) Importer(815301076,1909f56bfc062723c751e8b465ee728b)
Start importing Assets/Scenes/Multiplayer 4.unity using Guid(8698a139a8bd5a94c85fc75516881e47) Importer(815301076,1909f56bfc062723c751e8b465ee728b)  -> (artifact id: 'c475d8ad2956521aebb3f6e1b20928f0') in 0.011055 seconds
  Import took 0.016091 seconds .

========================================================================
Received Import Request.
  Time since last request: 26.308158 seconds.
  path: Assets/Scenes/Multiplayer 5.unity
  artifactKey: Guid(748e3945095cca940ab3280bc3ca0f76) Importer(815301076,1909f56bfc062723c751e8b465ee728b)
Start importing Assets/Scenes/Multiplayer 5.unity using Guid(748e3945095cca940ab3280bc3ca0f76) Importer(815301076,1909f56bfc062723c751e8b465ee728b)  -> (artifact id: 'b79cd08e829aaf87eb32add58c8c9e99') in 0.028060 seconds
  Import took 0.041918 seconds .

========================================================================
Received Import Request.
  Time since last request: 13.044602 seconds.
  path: Assets/Scenes/Multiplayer 4.unity
  artifactKey: Guid(8698a139a8bd5a94c85fc75516881e47) Importer(815301076,1909f56bfc062723c751e8b465ee728b)
Start importing Assets/Scenes/Multiplayer 4.unity using Guid(8698a139a8bd5a94c85fc75516881e47) Importer(815301076,1909f56bfc062723c751e8b465ee728b)  -> (artifact id: '9ad61592238454f727a69e3e8e547a32') in 0.005512 seconds
  Import took 0.023385 seconds .

========================================================================
Received Import Request.
  Time since last request: 0.000816 seconds.
  path: Assets/Scenes/Multiplayer 4.unity
  artifactKey: Guid(8698a139a8bd5a94c85fc75516881e47) Importer(815301076,1909f56bfc062723c751e8b465ee728b)
Start importing Assets/Scenes/Multiplayer 4.unity using Guid(8698a139a8bd5a94c85fc75516881e47) Importer(815301076,1909f56bfc062723c751e8b465ee728b)  -> (artifact id: '9ad61592238454f727a69e3e8e547a32') in 0.004972 seconds
  Import took 0.009337 seconds .

========================================================================
Received Import Request.
  Time since last request: 6.879030 seconds.
  path: Assets/Scenes/Multiplayer 3.unity
  artifactKey: Guid(332fc4c3f59c9cc4b9ba2f01320f7f89) Importer(815301076,1909f56bfc062723c751e8b465ee728b)
Start importing Assets/Scenes/Multiplayer 3.unity using Guid(332fc4c3f59c9cc4b9ba2f01320f7f89) Importer(815301076,1909f56bfc062723c751e8b465ee728b)  -> (artifact id: '4c91be1dd4a715e5bb54dfe68131e4bf') in 0.005342 seconds
  Import took 0.010918 seconds .

========================================================================
Received Prepare
Registering precompiled user dll's ...
Registered in 0.007300 seconds.
Begin MonoManager ReloadAssembly
Native extension for WindowsStandalone target not found
Native extension for WebGL target not found
Refreshing native plugins compatible for Editor in 0.95 ms, found 3 plugins.
Preloading 0 native plugins for Editor in 0.00 ms.
Mono: successfully reloaded assembly
- Completed reload, in  1.338 seconds
Platform modules already initialized, skipping
Refreshing native plugins compatible for Editor in 0.58 ms, found 3 plugins.
Preloading 0 native plugins for Editor in 0.00 ms.
Unloading 2087 Unused Serialized files (Serialized files now loaded: 0)
System memory in use before: 97.3 MB.
System memory in use after: 97.3 MB.

Unloading 21 unused Assets to reduce memory usage. Loaded Objects now: 2654.
Total: 3.045200 ms (FindLiveObjects: 0.280500 ms CreateObjectMapping: 0.161400 ms MarkObjects: 2.396200 ms  DeleteObjects: 0.206000 ms)

========================================================================
Received Import Request.
  Time since last request: 128.476119 seconds.
  path: Assets/Scenes/Multiplayer 1.unity
  artifactKey: Guid(20d7e42004a632944925c21fdc045c93) Importer(815301076,1909f56bfc062723c751e8b465ee728b)
Start importing Assets/Scenes/Multiplayer 1.unity using Guid(20d7e42004a632944925c21fdc045c93) Importer(815301076,1909f56bfc062723c751e8b465ee728b)  -> (artifact id: 'd6fd524da2abba3c8491381765c9a8e1') in 0.016869 seconds
  Import took 0.021158 seconds .

========================================================================
Received Import Request.
  Time since last request: 0.000243 seconds.
  path: Assets/Scenes/Multiplayer 2.unity
  artifactKey: Guid(33051b0417d905344ac4912effeec260) Importer(815301076,1909f56bfc062723c751e8b465ee728b)
Start importing Assets/Scenes/Multiplayer 2.unity using Guid(33051b0417d905344ac4912effeec260) Importer(815301076,1909f56bfc062723c751e8b465ee728b)  -> (artifact id: 'd811f6dc46156c7db953846d226818d3') in 0.005392 seconds
  Import took 0.027540 seconds .

========================================================================
Received Import Request.
  Time since last request: 41.353099 seconds.
  path: Assets/Scenes/Multiplayer 4.unity
  artifactKey: Guid(8698a139a8bd5a94c85fc75516881e47) Importer(815301076,1909f56bfc062723c751e8b465ee728b)
Start importing Assets/Scenes/Multiplayer 4.unity using Guid(8698a139a8bd5a94c85fc75516881e47) Importer(815301076,1909f56bfc062723c751e8b465ee728b)  -> (artifact id: 'fe8c99168ee2ec14481163e3f472ce8b') in 0.005085 seconds
  Import took 0.020889 seconds .

========================================================================
Received Import Request.
  Time since last request: 0.000661 seconds.
  path: Assets/Scenes/Multiplayer 4.unity
  artifactKey: Guid(8698a139a8bd5a94c85fc75516881e47) Importer(815301076,1909f56bfc062723c751e8b465ee728b)
Start importing Assets/Scenes/Multiplayer 4.unity using Guid(8698a139a8bd5a94c85fc75516881e47) Importer(815301076,1909f56bfc062723c751e8b465ee728b)  -> (artifact id: 'fe8c99168ee2ec14481163e3f472ce8b') in 0.004925 seconds
  Import took 0.010195 seconds .

========================================================================
Received Import Request.
  Time since last request: 8.617392 seconds.
  path: Assets/Scenes/Multiplayer 5.unity
  artifactKey: Guid(748e3945095cca940ab3280bc3ca0f76) Importer(815301076,1909f56bfc062723c751e8b465ee728b)
Start importing Assets/Scenes/Multiplayer 5.unity using Guid(748e3945095cca940ab3280bc3ca0f76) Importer(815301076,1909f56bfc062723c751e8b465ee728b)  -> (artifact id: '20d2b7953391f85b419f0271172a6516') in 0.004868 seconds
  Import took 0.009695 seconds .

========================================================================
Received Prepare
Registering precompiled user dll's ...
Registered in 0.006426 seconds.
Begin MonoManager ReloadAssembly
Native extension for WindowsStandalone target not found
Native extension for WebGL target not found
Refreshing native plugins compatible for Editor in 0.60 ms, found 3 plugins.
Preloading 0 native plugins for Editor in 0.00 ms.
Mono: successfully reloaded assembly
- Completed reload, in  1.311 seconds
Platform modules already initialized, skipping
Refreshing native plugins compatible for Editor in 0.68 ms, found 3 plugins.
Preloading 0 native plugins for Editor in 0.00 ms.
Unloading 2087 Unused Serialized files (Serialized files now loaded: 0)
System memory in use before: 97.4 MB.
System memory in use after: 97.4 MB.

Unloading 21 unused Assets to reduce memory usage. Loaded Objects now: 2658.
Total: 3.250400 ms (FindLiveObjects: 0.271700 ms CreateObjectMapping: 0.155800 ms MarkObjects: 2.684700 ms  DeleteObjects: 0.137000 ms)

AssetImportWorkerClient::OnTransportError - code=2 error=End of file
